<?xml version="1.0" encoding="UTF-8"?>
<!-- Generated by org.testng.reporters.JUnitReportReporter -->
<testsuite hostname="DESKTOP-S76SA9N" failures="0" tests="12" name="com.nexsoft.backend.UserBiodataTest" time="37.716" errors="0" timestamp="2022-06-14T21:36:36 ICT" skipped="0">
  <testcase classname="com.nexsoft.backend.UserBiodataTest" name="login" time="2.171"/>
  <system-out/>
  <testcase classname="com.nexsoft.backend.UserBiodataTest" name="gotoCRUDBuilder" time="1.408"/>
  <system-out/>
  <testcase classname="com.nexsoft.backend.UserBiodataTest" name="inputDataTest" time="2.810"/>
  <system-out/>
  <testcase classname="com.nexsoft.backend.UserBiodataTest" name="inputDataTest" time="3.006"/>
  <system-out/>
  <testcase classname="com.nexsoft.backend.UserBiodataTest" name="inputDataTest" time="3.006"/>
  <system-out/>
  <testcase classname="com.nexsoft.backend.UserBiodataTest" name="inputDataTest" time="2.872"/>
  <system-out/>
  <testcase classname="com.nexsoft.backend.UserBiodataTest" name="inputDataTest" time="3.384"/>
  <system-out/>
  <testcase classname="com.nexsoft.backend.UserBiodataTest" name="inputDataTest" time="3.027"/>
  <system-out/>
  <testcase classname="com.nexsoft.backend.UserBiodataTest" name="inputDataTest" time="3.143"/>
  <system-out/>
  <testcase classname="com.nexsoft.backend.UserBiodataTest" name="inputDataTest" time="3.064"/>
  <system-out/>
  <testcase classname="com.nexsoft.backend.UserBiodataTest" name="inputDataTest" time="2.933"/>
  <system-out/>
  <testcase classname="com.nexsoft.backend.UserBiodataTest" name="resetTable" time="6.892"/>
  <system-out>
    <![CDATA[<img src='file://D:\Project\Java\TestNG\UserBiodata\src\test\resources\ss\20220614_213623.PNG'height="200" width="400"/>]]>
  </system-out>
</testsuite> <!-- com.nexsoft.backend.UserBiodataTest -->
