<?xml version="1.0" encoding="UTF-8"?>
<!-- Generated by org.testng.reporters.JUnitReportReporter -->
<testsuite hostname="DESKTOP-S76SA9N" failures="0" tests="12" name="com.nexsoft.backend.UserBiodataTest" time="34.436" errors="0" timestamp="2022-06-14T20:24:34 ICT" skipped="0">
  <testcase classname="com.nexsoft.backend.UserBiodataTest" name="login" time="2.493"/>
  <system-out/>
  <testcase classname="com.nexsoft.backend.UserBiodataTest" name="gotoCRUDBuilder" time="1.390"/>
  <system-out/>
  <testcase classname="com.nexsoft.backend.UserBiodataTest" name="inputDataTest" time="2.677"/>
  <system-out/>
  <testcase classname="com.nexsoft.backend.UserBiodataTest" name="inputDataTest" time="2.781"/>
  <system-out/>
  <testcase classname="com.nexsoft.backend.UserBiodataTest" name="inputDataTest" time="3.026"/>
  <system-out/>
  <testcase classname="com.nexsoft.backend.UserBiodataTest" name="inputDataTest" time="2.582"/>
  <system-out/>
  <testcase classname="com.nexsoft.backend.UserBiodataTest" name="inputDataTest" time="2.556"/>
  <system-out/>
  <testcase classname="com.nexsoft.backend.UserBiodataTest" name="inputDataTest" time="2.964"/>
  <system-out/>
  <testcase classname="com.nexsoft.backend.UserBiodataTest" name="inputDataTest" time="2.739"/>
  <system-out/>
  <testcase classname="com.nexsoft.backend.UserBiodataTest" name="inputDataTest" time="2.779"/>
  <system-out/>
  <testcase classname="com.nexsoft.backend.UserBiodataTest" name="inputDataTest" time="2.782"/>
  <system-out/>
  <testcase classname="com.nexsoft.backend.UserBiodataTest" name="resetTable" time="5.667"/>
  <system-out/>
</testsuite> <!-- com.nexsoft.backend.UserBiodataTest -->
