<?xml version="1.0" encoding="UTF-8"?>
<!-- Generated by org.testng.reporters.JUnitReportReporter -->
<testsuite hostname="DESKTOP-S76SA9N" failures="0" tests="12" name="com.nexsoft.backend.UserBiodataTest" time="37.555" errors="0" timestamp="2022-06-14T21:14:35 ICT" skipped="0">
  <testcase classname="com.nexsoft.backend.UserBiodataTest" name="login" time="2.266"/>
  <system-out/>
  <testcase classname="com.nexsoft.backend.UserBiodataTest" name="gotoCRUDBuilder" time="1.418"/>
  <system-out/>
  <testcase classname="com.nexsoft.backend.UserBiodataTest" name="inputDataTest" time="3.196"/>
  <system-out/>
  <testcase classname="com.nexsoft.backend.UserBiodataTest" name="inputDataTest" time="2.978"/>
  <system-out/>
  <testcase classname="com.nexsoft.backend.UserBiodataTest" name="inputDataTest" time="2.948"/>
  <system-out/>
  <testcase classname="com.nexsoft.backend.UserBiodataTest" name="inputDataTest" time="2.792"/>
  <system-out/>
  <testcase classname="com.nexsoft.backend.UserBiodataTest" name="inputDataTest" time="2.961"/>
  <system-out/>
  <testcase classname="com.nexsoft.backend.UserBiodataTest" name="inputDataTest" time="3.010"/>
  <system-out/>
  <testcase classname="com.nexsoft.backend.UserBiodataTest" name="inputDataTest" time="3.071"/>
  <system-out/>
  <testcase classname="com.nexsoft.backend.UserBiodataTest" name="inputDataTest" time="3.062"/>
  <system-out/>
  <testcase classname="com.nexsoft.backend.UserBiodataTest" name="inputDataTest" time="2.975"/>
  <system-out/>
  <testcase classname="com.nexsoft.backend.UserBiodataTest" name="resetTable" time="6.878"/>
  <system-out>
    <![CDATA[<img src='file://D:\Project\Java\TestNG\UserBiodata\src\test\resources\ss\20220614_211421.PNG'height="200" width="400"/>]]>
  </system-out>
</testsuite> <!-- com.nexsoft.backend.UserBiodataTest -->
